<?xml version="1.0" encoding="UTF-8"?>
<testng-results ignored="0" total="1" passed="1" failed="0" skipped="0">
  <reporter-output>
  </reporter-output>
  <suite started-at="2023-02-12T16:55:08 IST" name="Suite" finished-at="2023-02-12T16:55:08 IST" duration-ms="24">
    <groups>
    </groups>
    <test started-at="2023-02-12T16:55:08 IST" name="Test" finished-at="2023-02-12T16:55:08 IST" duration-ms="24">
      <class name="com.cicd.practice.CICDPractice.TEST">
        <test-method signature="testMethod1()[pri:0, instance:com.cicd.practice.CICDPractice.TEST@667a738]" started-at="2023-02-12T16:55:08 IST" name="testMethod1" finished-at="2023-02-12T16:55:08 IST" duration-ms="3" status="PASS">
          <reporter-output>
          </reporter-output>
        </test-method> <!-- testMethod1 -->
      </class> <!-- com.cicd.practice.CICDPractice.TEST -->
    </test> <!-- Test -->
  </suite> <!-- Suite -->
</testng-results>
