<?xml version="1.0" encoding="UTF-8"?>
<testng-results ignored="0" total="1" passed="1" failed="0" skipped="0">
  <reporter-output>
  </reporter-output>
  <suite started-at="2023-02-12T16:48:53 IST" name="Default suite" finished-at="2023-02-12T16:48:53 IST" duration-ms="35">
    <groups>
    </groups>
    <test started-at="2023-02-12T16:48:53 IST" name="Default test" finished-at="2023-02-12T16:48:53 IST" duration-ms="35">
      <class name="com.cicd.practice.CICDPractice.TEST">
        <test-method signature="testMethod1()[pri:0, instance:com.cicd.practice.CICDPractice.TEST@51e5fc98]" started-at="2023-02-12T16:48:53 IST" name="testMethod1" finished-at="2023-02-12T16:48:53 IST" duration-ms="6" status="PASS">
          <reporter-output>
          </reporter-output>
        </test-method> <!-- testMethod1 -->
      </class> <!-- com.cicd.practice.CICDPractice.TEST -->
    </test> <!-- Default test -->
  </suite> <!-- Default suite -->
</testng-results>
